{"/Users/michaelkim/Places-Nearby/client/components/PlacesCard.jsx": {"path":"/Users/michaelkim/Places-Nearby/client/components/PlacesCard.jsx","statementMap":{"0":{"start":{"line":3,"column":19},"end":{"line":19,"column":1}},"1":{"start":{"line":4,"column":4},"end":{"line":18,"column":5}}},"fnMap":{"0":{"name":"(anonymous_0)","decl":{"start":{"line":3,"column":19},"end":{"line":3,"column":20}},"loc":{"start":{"line":3,"column":32},"end":{"line":19,"column":1}},"line":3}},"branchMap":{},"s":{"0":2,"1":0},"f":{"0":0},"b":{},"_coverageSchema":"43e27e138ebf9cfc5966b082cf9a028302ed4184","hash":"51926569b1b3a44c814e440586594d4917b9c2bd"}
,"/Users/michaelkim/Places-Nearby/client/components/app.jsx": {"path":"/Users/michaelkim/Places-Nearby/client/components/app.jsx","statementMap":{"0":{"start":{"line":8,"column":4},"end":{"line":8,"column":17}},"1":{"start":{"line":9,"column":4},"end":{"line":13,"column":5}},"2":{"start":{"line":16,"column":4},"end":{"line":16,"column":22}},"3":{"start":{"line":19,"column":4},"end":{"line":25,"column":6}},"4":{"start":{"line":22,"column":21},"end":{"line":22,"column":29}},"5":{"start":{"line":23,"column":6},"end":{"line":24,"column":26}},"6":{"start":{"line":28,"column":4},"end":{"line":33,"column":5}},"7":{"start":{"line":29,"column":6},"end":{"line":32,"column":9}},"8":{"start":{"line":36,"column":4},"end":{"line":41,"column":5}},"9":{"start":{"line":37,"column":6},"end":{"line":40,"column":9}},"10":{"start":{"line":44,"column":4},"end":{"line":56,"column":5}},"11":{"start":{"line":51,"column":12},"end":{"line":51,"column":55}}},"fnMap":{"0":{"name":"(anonymous_0)","decl":{"start":{"line":7,"column":2},"end":{"line":7,"column":3}},"loc":{"start":{"line":7,"column":21},"end":{"line":14,"column":3}},"line":7},"1":{"name":"(anonymous_1)","decl":{"start":{"line":15,"column":2},"end":{"line":15,"column":3}},"loc":{"start":{"line":15,"column":22},"end":{"line":17,"column":3}},"line":15},"2":{"name":"(anonymous_2)","decl":{"start":{"line":18,"column":2},"end":{"line":18,"column":3}},"loc":{"start":{"line":18,"column":16},"end":{"line":26,"column":3}},"line":18},"3":{"name":"(anonymous_3)","decl":{"start":{"line":21,"column":10},"end":{"line":21,"column":11}},"loc":{"start":{"line":21,"column":17},"end":{"line":25,"column":5}},"line":21},"4":{"name":"(anonymous_4)","decl":{"start":{"line":27,"column":2},"end":{"line":27,"column":3}},"loc":{"start":{"line":27,"column":14},"end":{"line":34,"column":3}},"line":27},"5":{"name":"(anonymous_5)","decl":{"start":{"line":35,"column":2},"end":{"line":35,"column":3}},"loc":{"start":{"line":35,"column":15},"end":{"line":42,"column":3}},"line":35},"6":{"name":"(anonymous_6)","decl":{"start":{"line":43,"column":2},"end":{"line":43,"column":3}},"loc":{"start":{"line":43,"column":11},"end":{"line":57,"column":3}},"line":43},"7":{"name":"(anonymous_7)","decl":{"start":{"line":50,"column":76},"end":{"line":50,"column":77}},"loc":{"start":{"line":51,"column":12},"end":{"line":51,"column":55}},"line":51}},"branchMap":{"0":{"loc":{"start":{"line":28,"column":4},"end":{"line":33,"column":5}},"type":"if","locations":[{"start":{"line":28,"column":4},"end":{"line":33,"column":5}},{"start":{"line":28,"column":4},"end":{"line":33,"column":5}}],"line":28},"1":{"loc":{"start":{"line":28,"column":8},"end":{"line":28,"column":53}},"type":"binary-expr","locations":[{"start":{"line":28,"column":8},"end":{"line":28,"column":28}},{"start":{"line":28,"column":32},"end":{"line":28,"column":53}}],"line":28},"2":{"loc":{"start":{"line":36,"column":4},"end":{"line":41,"column":5}},"type":"if","locations":[{"start":{"line":36,"column":4},"end":{"line":41,"column":5}},{"start":{"line":36,"column":4},"end":{"line":41,"column":5}}],"line":36},"3":{"loc":{"start":{"line":49,"column":9},"end":{"line":49,"column":107}},"type":"binary-expr","locations":[{"start":{"line":49,"column":9},"end":{"line":49,"column":31}},{"start":{"line":49,"column":36},"end":{"line":49,"column":106}}],"line":49},"4":{"loc":{"start":{"line":52,"column":11},"end":{"line":52,"column":113}},"type":"binary-expr","locations":[{"start":{"line":52,"column":11},"end":{"line":52,"column":35}},{"start":{"line":52,"column":40},"end":{"line":52,"column":112}}],"line":52}},"s":{"0":1,"1":1,"2":1,"3":1,"4":0,"5":0,"6":0,"7":0,"8":0,"9":0,"10":1,"11":0},"f":{"0":1,"1":1,"2":1,"3":0,"4":0,"5":0,"6":1,"7":0},"b":{"0":[0,0],"1":[0,0],"2":[0,0],"3":[1,0],"4":[1,1]},"_coverageSchema":"43e27e138ebf9cfc5966b082cf9a028302ed4184","hash":"bb770d598668f617d129ccb9a6cb95c7fd18d16c"}
}
