TN:
SF:/Users/michaelkim/Places-Nearby/client/components/PlacesCard.jsx
FN:3,(anonymous_0)
FNF:1
FNH:0
FNDA:0,(anonymous_0)
DA:3,2
DA:4,0
LF:2
LH:1
BRF:0
BRH:0
end_of_record
TN:
SF:/Users/michaelkim/Places-Nearby/client/components/app.jsx
FN:7,(anonymous_0)
FN:17,(anonymous_1)
FN:22,(anonymous_2)
FN:25,(anonymous_3)
FN:34,(anonymous_4)
FN:51,(anonymous_5)
FN:69,(anonymous_6)
FN:79,(anonymous_7)
FNF:8
FNH:4
FNDA:2,(anonymous_0)
FNDA:2,(anonymous_1)
FNDA:2,(anonymous_2)
FNDA:0,(anonymous_3)
FNDA:0,(anonymous_4)
FNDA:0,(anonymous_5)
FNDA:2,(anonymous_6)
FNDA:0,(anonymous_7)
DA:8,2
DA:9,2
DA:18,2
DA:23,2
DA:26,0
DA:27,0
DA:35,0
DA:36,0
DA:37,0
DA:38,0
DA:43,0
DA:47,0
DA:52,0
DA:53,0
DA:54,0
DA:55,0
DA:60,0
DA:65,0
DA:70,2
DA:71,2
DA:72,2
DA:73,2
DA:74,2
DA:80,0
DA:92,1
LF:25
LH:10
BRDA:37,0,0,0
BRDA:37,0,1,0
BRDA:37,1,0,0
BRDA:37,1,1,0
BRDA:54,2,0,0
BRDA:54,2,1,0
BRDA:72,3,0,2
BRDA:72,3,1,0
BRDA:73,4,0,0
BRDA:73,4,1,2
BRF:10
BRH:2
end_of_record
